<?xml version="1.0" encoding="UTF-8"?>
<testsuite name="Testeo" tests="1" skipped="0" failures="0" errors="0" timestamp="2021-11-15T23:04:29" hostname="DESKTOP-8RE43UV" time="0.028">
  <properties/>
  <testcase name="sumaArrayTest()" classname="Testeo" time="0.028"/>
  <system-out><![CDATA[]]></system-out>
  <system-err><![CDATA[]]></system-err>
</testsuite>
